<?xml version="1.0" encoding="UTF-8"?>
<!-- Generated by org.testng.reporters.JUnitXMLReporter -->
<testsuite ignored="4" hostname="Anvitha" failures="0" tests="6" name="OrangeHRM_Test" time="73.195" errors="0" timestamp="2025-08-11T22:12:13 IST">
  <testcase classname="test.java.tests.LoginTests" name="loginTest" time="5.73"/>
  <testcase classname="test.java.tests.DashboardTests" name="checkLeftMenuItemsCount" time="4.087"/>
  <testcase classname="test.java.tests.SearchUserTests" name="searchByUserName" time="6.061"/>
  <testcase classname="test.java.tests.SearchUserTests" name="searchByUserRoleDropdown" time="5.891"/>
  <testcase classname="test.java.tests.SearchUserTests" name="searchByUserStatusDropdown" time="5.79"/>
  <testcase classname="test.java.tests.SearchUserTests" name="searchByUserStatusDropdownDisabled" time="5.969"/>
  <testcase classname="test.java.tests.BaseTest" name="@BeforeSuite setupExtent" time="0.0">
    <ignored/>
  </testcase> <!-- @BeforeSuite setupExtent -->
  <testcase classname="test.java.tests.BaseTest" name="@AfterSuite tearDownExtent" time="0.0">
    <ignored/>
  </testcase> <!-- @AfterSuite tearDownExtent -->
  <testcase classname="test.java.tests.BaseTest" name="@AfterSuite tearDownExtent" time="0.0">
    <ignored/>
  </testcase> <!-- @AfterSuite tearDownExtent -->
  <testcase classname="test.java.tests.BaseTest" name="@BeforeSuite setupExtent" time="0.0">
    <ignored/>
  </testcase> <!-- @BeforeSuite setupExtent -->
</testsuite> <!-- OrangeHRM_Test -->
