<?xml version="1.0" encoding="UTF-8"?>
<!-- Generated by org.testng.reporters.JUnitXMLReporter -->
<testsuite ignored="4" hostname="Anvitha" failures="0" tests="10" name="OrangeHRM_Test" time="126.148" errors="0" timestamp="2025-08-11T23:17:49 IST">
  <testcase classname="test.java.tests.LoginTests" name="loginTest" time="5.902"/>
  <testcase classname="test.java.tests.LoginTests" name="loginTest" time="7.094"/>
  <testcase classname="test.java.tests.LoginTests" name="loginTest" time="6.805"/>
  <testcase classname="test.java.tests.LoginTests" name="loginTest" time="6.767"/>
  <testcase classname="test.java.tests.LoginTests" name="loginTest" time="6.922"/>
  <testcase classname="test.java.tests.DashboardTests" name="checkLeftMenuItemsCount" time="4.137"/>
  <testcase classname="test.java.tests.SearchUserTests" name="searchByUserName" time="6.166"/>
  <testcase classname="test.java.tests.SearchUserTests" name="searchByUserRoleDropdown" time="6.402"/>
  <testcase classname="test.java.tests.SearchUserTests" name="searchByUserStatusDropdown" time="6.349"/>
  <testcase classname="test.java.tests.SearchUserTests" name="searchByUserStatusDropdownDisabled" time="5.9"/>
  <testcase classname="test.java.tests.BaseTest" name="@BeforeSuite setupExtent" time="0.0">
    <ignored/>
  </testcase> <!-- @BeforeSuite setupExtent -->
  <testcase classname="test.java.tests.BaseTest" name="@AfterSuite tearDownExtent" time="0.0">
    <ignored/>
  </testcase> <!-- @AfterSuite tearDownExtent -->
  <testcase classname="test.java.tests.BaseTest" name="@AfterSuite tearDownExtent" time="0.0">
    <ignored/>
  </testcase> <!-- @AfterSuite tearDownExtent -->
  <testcase classname="test.java.tests.BaseTest" name="@BeforeSuite setupExtent" time="0.0">
    <ignored/>
  </testcase> <!-- @BeforeSuite setupExtent -->
</testsuite> <!-- OrangeHRM_Test -->
