<?xml version="1.0" encoding="UTF-8"?>
<!-- Generated by org.testng.reporters.JUnitXMLReporter -->
<testsuite ignored="0" hostname="Anvitha" failures="0" tests="8" name="Test" time="16.116" errors="0" timestamp="2025-08-14T10:10:19 IST">
  <testcase classname="test.java.RestAPITesting" name="testGetUserProfile" time="1.506"/>
  <testcase classname="test.java.RestAPITesting" name="testUpdateUser" time="1.399"/>
  <testcase classname="test.java.RestAPITesting" name="testAddContact" time="1.454"/>
  <testcase classname="test.java.RestAPITesting" name="testGetContactList" time="1.595"/>
  <testcase classname="test.java.RestAPITesting" name="testGetContactById" time="1.574"/>
  <testcase classname="test.java.RestAPITesting" name="testUpdateContact" time="1.577"/>
  <testcase classname="test.java.RestAPITesting" name="testPatchUpdateContact" time="1.61"/>
  <testcase classname="test.java.RestAPITesting" name="testLogoutUser" time="1.617"/>
</testsuite> <!-- Test -->
