<?xml version="1.0" encoding="UTF-8"?>
<!-- Generated by org.testng.reporters.JUnitXMLReporter -->
<testsuite ignored="4" hostname="Anvitha" failures="0" tests="8" name="Page_Title_Test" time="48.392" errors="0" timestamp="2025-08-10T15:23:46 IST">
  <testcase classname="test.java.tests.LoginTests" name="loginWithEmptyUsernamePassword" time="0.303"/>
  <testcase classname="test.java.tests.LoginTests" name="loginWithInvalidCredentials" time="0.66"/>
  <testcase classname="test.java.tests.LoginTests" name="loginWithValidCredentials" time="1.195"/>
  <testcase classname="test.java.tests.AddToCartTests" name="addMultipleItemsToCartAndVerifyCount" time="1.02"/>
  <testcase classname="test.java.tests.AddToCartTests" name="addSingleItemToCart" time="1.448"/>
  <testcase classname="test.java.tests.AddToCartTests" name="removeItemFromCart" time="1.221"/>
  <testcase classname="test.java.tests.CheckoutTests" name="checkoutWithoutAddingItems" time="5.98"/>
  <testcase classname="test.java.tests.CheckoutTests" name="placeOrderWithValidDetails" time="2.65"/>
  <testcase classname="test.java.tests.BaseTest" name="@AfterSuite tearDownExtent" time="0.0">
    <ignored/>
  </testcase> <!-- @AfterSuite tearDownExtent -->
  <testcase classname="test.java.tests.BaseTest" name="@BeforeSuite setupExtent" time="0.0">
    <ignored/>
  </testcase> <!-- @BeforeSuite setupExtent -->
  <testcase classname="test.java.tests.BaseTest" name="@AfterSuite tearDownExtent" time="0.0">
    <ignored/>
  </testcase> <!-- @AfterSuite tearDownExtent -->
  <testcase classname="test.java.tests.BaseTest" name="@BeforeSuite setupExtent" time="0.0">
    <ignored/>
  </testcase> <!-- @BeforeSuite setupExtent -->
</testsuite> <!-- Page_Title_Test -->
