<?xml version="1.0" encoding="UTF-8"?>
<!-- Generated by org.testng.reporters.JUnitXMLReporter -->
<testsuite ignored="0" hostname="Anvitha" failures="0" tests="8" name="Default test" time="14.566" errors="0" timestamp="2025-08-13T22:59:06 IST">
  <testcase classname="test.java.RestAPITesting" name="testGetUserProfile" time="1.397"/>
  <testcase classname="test.java.RestAPITesting" name="testUpdateUser" time="1.358"/>
  <testcase classname="test.java.RestAPITesting" name="testAddContact" time="1.303"/>
  <testcase classname="test.java.RestAPITesting" name="testGetContactList" time="1.385"/>
  <testcase classname="test.java.RestAPITesting" name="testGetContactById" time="1.403"/>
  <testcase classname="test.java.RestAPITesting" name="testUpdateContact" time="1.332"/>
  <testcase classname="test.java.RestAPITesting" name="testPatchUpdateContact" time="1.348"/>
  <testcase classname="test.java.RestAPITesting" name="testLogoutUser" time="1.318"/>
</testsuite> <!-- Default test -->
