<?xml version="1.0" encoding="UTF-8"?>
<!-- Generated by org.testng.reporters.JUnitXMLReporter -->
<testsuite ignored="0" hostname="Anvitha" failures="0" tests="3" name="Default test" time="18.424" errors="0" timestamp="2025-08-10T15:21:35 IST">
  <testcase classname="test.java.tests.AddToCartTests" name="addMultipleItemsToCartAndVerifyCount" time="1.105"/>
  <testcase classname="test.java.tests.AddToCartTests" name="addSingleItemToCart" time="1.515"/>
  <testcase classname="test.java.tests.AddToCartTests" name="removeItemFromCart" time="0.964"/>
</testsuite> <!-- Default test -->
