<?xml version="1.0" encoding="UTF-8"?>
<testng-results ignored="0" total="8" passed="8" failed="0" skipped="0">
  <reporter-output>
  </reporter-output>
  <suite started-at="2025-08-10T15:22:58 IST" name="BstackDemo" finished-at="2025-08-10T15:23:46 IST" duration-ms="48392">
    <groups>
    </groups>
    <test started-at="2025-08-10T15:22:58 IST" name="Page_Title_Test" finished-at="2025-08-10T15:23:46 IST" duration-ms="48392">
      <class name="test.java.tests.CheckoutTests">
        <test-method is-config="true" signature="setupDriver()[pri:0, instance:test.java.tests.CheckoutTests@2f4948e4]" started-at="2025-08-10T15:23:29 IST" name="setupDriver" finished-at="2025-08-10T15:23:32 IST" duration-ms="3022" status="PASS">
          <reporter-output>
          </reporter-output>
        </test-method> <!-- setupDriver -->
        <test-method is-config="true" signature="login()[pri:0, instance:test.java.tests.CheckoutTests@2f4948e4]" started-at="2025-08-10T15:23:32 IST" name="login" finished-at="2025-08-10T15:23:33 IST" duration-ms="375" status="PASS">
          <reporter-output>
          </reporter-output>
        </test-method> <!-- login -->
        <test-method signature="checkoutWithoutAddingItems()[pri:0, instance:test.java.tests.CheckoutTests@2f4948e4]" started-at="2025-08-10T15:23:33 IST" name="checkoutWithoutAddingItems" finished-at="2025-08-10T15:23:39 IST" duration-ms="5980" status="PASS">
          <reporter-output>
          </reporter-output>
        </test-method> <!-- checkoutWithoutAddingItems -->
        <test-method is-config="true" signature="quitDriver()[pri:0, instance:test.java.tests.CheckoutTests@2f4948e4]" started-at="2025-08-10T15:23:39 IST" name="quitDriver" finished-at="2025-08-10T15:23:39 IST" duration-ms="660" status="PASS">
          <reporter-output>
          </reporter-output>
        </test-method> <!-- quitDriver -->
        <test-method is-config="true" signature="setupDriver()[pri:0, instance:test.java.tests.CheckoutTests@2f4948e4]" started-at="2025-08-10T15:23:39 IST" name="setupDriver" finished-at="2025-08-10T15:23:42 IST" duration-ms="3003" status="PASS">
          <reporter-output>
          </reporter-output>
        </test-method> <!-- setupDriver -->
        <test-method is-config="true" signature="login()[pri:0, instance:test.java.tests.CheckoutTests@2f4948e4]" started-at="2025-08-10T15:23:42 IST" name="login" finished-at="2025-08-10T15:23:43 IST" duration-ms="415" status="PASS">
          <reporter-output>
          </reporter-output>
        </test-method> <!-- login -->
        <test-method signature="placeOrderWithValidDetails()[pri:0, instance:test.java.tests.CheckoutTests@2f4948e4]" started-at="2025-08-10T15:23:43 IST" name="placeOrderWithValidDetails" finished-at="2025-08-10T15:23:45 IST" duration-ms="2650" status="PASS">
          <reporter-output>
          </reporter-output>
        </test-method> <!-- placeOrderWithValidDetails -->
        <test-method is-config="true" signature="quitDriver()[pri:0, instance:test.java.tests.CheckoutTests@2f4948e4]" started-at="2025-08-10T15:23:45 IST" name="quitDriver" finished-at="2025-08-10T15:23:46 IST" duration-ms="685" status="PASS">
          <reporter-output>
          </reporter-output>
        </test-method> <!-- quitDriver -->
      </class> <!-- test.java.tests.CheckoutTests -->
      <class name="test.java.tests.AddToCartTests">
        <test-method is-config="true" signature="setupDriver()[pri:0, instance:test.java.tests.AddToCartTests@408d971b]" started-at="2025-08-10T15:23:13 IST" name="setupDriver" finished-at="2025-08-10T15:23:16 IST" duration-ms="2887" status="PASS">
          <reporter-output>
          </reporter-output>
        </test-method> <!-- setupDriver -->
        <test-method is-config="true" signature="login()[pri:0, instance:test.java.tests.AddToCartTests@408d971b]" started-at="2025-08-10T15:23:16 IST" name="login" finished-at="2025-08-10T15:23:16 IST" duration-ms="396" status="PASS">
          <reporter-output>
          </reporter-output>
        </test-method> <!-- login -->
        <test-method signature="addMultipleItemsToCartAndVerifyCount()[pri:0, instance:test.java.tests.AddToCartTests@408d971b]" started-at="2025-08-10T15:23:16 IST" name="addMultipleItemsToCartAndVerifyCount" finished-at="2025-08-10T15:23:17 IST" duration-ms="1020" status="PASS">
          <reporter-output>
          </reporter-output>
        </test-method> <!-- addMultipleItemsToCartAndVerifyCount -->
        <test-method is-config="true" signature="quitDriver()[pri:0, instance:test.java.tests.AddToCartTests@408d971b]" started-at="2025-08-10T15:23:17 IST" name="quitDriver" finished-at="2025-08-10T15:23:18 IST" duration-ms="649" status="PASS">
          <reporter-output>
          </reporter-output>
        </test-method> <!-- quitDriver -->
        <test-method is-config="true" signature="setupDriver()[pri:0, instance:test.java.tests.AddToCartTests@408d971b]" started-at="2025-08-10T15:23:18 IST" name="setupDriver" finished-at="2025-08-10T15:23:21 IST" duration-ms="3004" status="PASS">
          <reporter-output>
          </reporter-output>
        </test-method> <!-- setupDriver -->
        <test-method is-config="true" signature="login()[pri:0, instance:test.java.tests.AddToCartTests@408d971b]" started-at="2025-08-10T15:23:21 IST" name="login" finished-at="2025-08-10T15:23:21 IST" duration-ms="370" status="PASS">
          <reporter-output>
          </reporter-output>
        </test-method> <!-- login -->
        <test-method signature="addSingleItemToCart()[pri:0, instance:test.java.tests.AddToCartTests@408d971b]" started-at="2025-08-10T15:23:21 IST" name="addSingleItemToCart" finished-at="2025-08-10T15:23:23 IST" duration-ms="1448" status="PASS">
          <reporter-output>
          </reporter-output>
        </test-method> <!-- addSingleItemToCart -->
        <test-method is-config="true" signature="quitDriver()[pri:0, instance:test.java.tests.AddToCartTests@408d971b]" started-at="2025-08-10T15:23:23 IST" name="quitDriver" finished-at="2025-08-10T15:23:23 IST" duration-ms="662" status="PASS">
          <reporter-output>
          </reporter-output>
        </test-method> <!-- quitDriver -->
        <test-method is-config="true" signature="setupDriver()[pri:0, instance:test.java.tests.AddToCartTests@408d971b]" started-at="2025-08-10T15:23:23 IST" name="setupDriver" finished-at="2025-08-10T15:23:27 IST" duration-ms="3850" status="PASS">
          <reporter-output>
          </reporter-output>
        </test-method> <!-- setupDriver -->
        <test-method is-config="true" signature="login()[pri:0, instance:test.java.tests.AddToCartTests@408d971b]" started-at="2025-08-10T15:23:27 IST" name="login" finished-at="2025-08-10T15:23:27 IST" duration-ms="350" status="PASS">
          <reporter-output>
          </reporter-output>
        </test-method> <!-- login -->
        <test-method signature="removeItemFromCart()[pri:0, instance:test.java.tests.AddToCartTests@408d971b]" started-at="2025-08-10T15:23:27 IST" name="removeItemFromCart" finished-at="2025-08-10T15:23:29 IST" duration-ms="1221" status="PASS">
          <reporter-output>
          </reporter-output>
        </test-method> <!-- removeItemFromCart -->
        <test-method is-config="true" signature="quitDriver()[pri:0, instance:test.java.tests.AddToCartTests@408d971b]" started-at="2025-08-10T15:23:29 IST" name="quitDriver" finished-at="2025-08-10T15:23:29 IST" duration-ms="652" status="PASS">
          <reporter-output>
          </reporter-output>
        </test-method> <!-- quitDriver -->
      </class> <!-- test.java.tests.AddToCartTests -->
      <class name="test.java.tests.LoginTests">
        <test-method is-config="true" signature="setupExtent()[pri:0, instance:test.java.tests.LoginTests@5b7a5baa]" started-at="2025-08-10T15:22:57 IST" name="setupExtent" finished-at="2025-08-10T15:22:58 IST" duration-ms="238" status="PASS">
          <reporter-output>
          </reporter-output>
        </test-method> <!-- setupExtent -->
        <test-method is-config="true" signature="setupDriver()[pri:0, instance:test.java.tests.LoginTests@5b7a5baa]" started-at="2025-08-10T15:22:58 IST" name="setupDriver" finished-at="2025-08-10T15:23:02 IST" duration-ms="4207" status="PASS">
          <reporter-output>
          </reporter-output>
        </test-method> <!-- setupDriver -->
        <test-method signature="loginWithEmptyUsernamePassword()[pri:0, instance:test.java.tests.LoginTests@5b7a5baa]" started-at="2025-08-10T15:23:02 IST" name="loginWithEmptyUsernamePassword" finished-at="2025-08-10T15:23:02 IST" duration-ms="303" status="PASS">
          <reporter-output>
          </reporter-output>
        </test-method> <!-- loginWithEmptyUsernamePassword -->
        <test-method is-config="true" signature="quitDriver()[pri:0, instance:test.java.tests.LoginTests@5b7a5baa]" started-at="2025-08-10T15:23:02 IST" name="quitDriver" finished-at="2025-08-10T15:23:03 IST" duration-ms="698" status="PASS">
          <reporter-output>
          </reporter-output>
        </test-method> <!-- quitDriver -->
        <test-method is-config="true" signature="setupDriver()[pri:0, instance:test.java.tests.LoginTests@5b7a5baa]" started-at="2025-08-10T15:23:03 IST" name="setupDriver" finished-at="2025-08-10T15:23:07 IST" duration-ms="3542" status="PASS">
          <reporter-output>
          </reporter-output>
        </test-method> <!-- setupDriver -->
        <test-method signature="loginWithInvalidCredentials()[pri:0, instance:test.java.tests.LoginTests@5b7a5baa]" started-at="2025-08-10T15:23:07 IST" name="loginWithInvalidCredentials" finished-at="2025-08-10T15:23:07 IST" duration-ms="660" status="PASS">
          <reporter-output>
          </reporter-output>
        </test-method> <!-- loginWithInvalidCredentials -->
        <test-method is-config="true" signature="quitDriver()[pri:0, instance:test.java.tests.LoginTests@5b7a5baa]" started-at="2025-08-10T15:23:07 IST" name="quitDriver" finished-at="2025-08-10T15:23:08 IST" duration-ms="652" status="PASS">
          <reporter-output>
          </reporter-output>
        </test-method> <!-- quitDriver -->
        <test-method is-config="true" signature="setupDriver()[pri:0, instance:test.java.tests.LoginTests@5b7a5baa]" started-at="2025-08-10T15:23:08 IST" name="setupDriver" finished-at="2025-08-10T15:23:11 IST" duration-ms="3114" status="PASS">
          <reporter-output>
          </reporter-output>
        </test-method> <!-- setupDriver -->
        <test-method signature="loginWithValidCredentials()[pri:0, instance:test.java.tests.LoginTests@5b7a5baa]" started-at="2025-08-10T15:23:11 IST" name="loginWithValidCredentials" finished-at="2025-08-10T15:23:12 IST" duration-ms="1195" status="PASS">
          <reporter-output>
          </reporter-output>
        </test-method> <!-- loginWithValidCredentials -->
        <test-method is-config="true" signature="quitDriver()[pri:0, instance:test.java.tests.LoginTests@5b7a5baa]" started-at="2025-08-10T15:23:12 IST" name="quitDriver" finished-at="2025-08-10T15:23:13 IST" duration-ms="644" status="PASS">
          <reporter-output>
          </reporter-output>
        </test-method> <!-- quitDriver -->
        <test-method is-config="true" signature="tearDownExtent()[pri:0, instance:test.java.tests.LoginTests@5b7a5baa]" started-at="2025-08-10T15:23:46 IST" name="tearDownExtent" finished-at="2025-08-10T15:23:46 IST" duration-ms="227" status="PASS">
          <reporter-output>
          </reporter-output>
        </test-method> <!-- tearDownExtent -->
      </class> <!-- test.java.tests.LoginTests -->
    </test> <!-- Page_Title_Test -->
  </suite> <!-- BstackDemo -->
</testng-results>
