<?xml version="1.0" encoding="UTF-8"?>
<testng-results ignored="0" total="1" passed="1" failed="0" skipped="0">
  <reporter-output>
  </reporter-output>
  <suite started-at="2025-08-11T22:05:03 IST" name="Default suite" finished-at="2025-08-11T22:05:16 IST" duration-ms="13481">
    <groups>
    </groups>
    <test started-at="2025-08-11T22:05:03 IST" name="Default test" finished-at="2025-08-11T22:05:16 IST" duration-ms="13481">
      <class name="test.java.tests.SearchUserTests">
        <test-method is-config="true" signature="setupExtent()[pri:0, instance:test.java.tests.SearchUserTests@6a6cb05c]" started-at="2025-08-11T22:05:03 IST" name="setupExtent" finished-at="2025-08-11T22:05:03 IST" duration-ms="210" status="PASS">
          <reporter-output>
          </reporter-output>
        </test-method> <!-- setupExtent -->
        <test-method is-config="true" signature="setupDriver()[pri:0, instance:test.java.tests.SearchUserTests@6a6cb05c]" started-at="2025-08-11T22:05:03 IST" name="setupDriver" finished-at="2025-08-11T22:05:09 IST" duration-ms="6086" status="PASS">
          <reporter-output>
          </reporter-output>
        </test-method> <!-- setupDriver -->
        <test-method is-config="true" signature="login()[pri:0, instance:test.java.tests.SearchUserTests@6a6cb05c]" started-at="2025-08-11T22:05:09 IST" name="login" finished-at="2025-08-11T22:05:10 IST" duration-ms="775" status="PASS">
          <reporter-output>
          </reporter-output>
        </test-method> <!-- login -->
        <test-method signature="searchByUserStatusDropdownDisabled()[pri:0, instance:test.java.tests.SearchUserTests@6a6cb05c]" started-at="2025-08-11T22:05:10 IST" name="searchByUserStatusDropdownDisabled" finished-at="2025-08-11T22:05:16 IST" duration-ms="5939" status="PASS">
          <reporter-output>
          </reporter-output>
        </test-method> <!-- searchByUserStatusDropdownDisabled -->
        <test-method is-config="true" signature="quitDriver()[pri:0, instance:test.java.tests.SearchUserTests@6a6cb05c]" started-at="2025-08-11T22:05:16 IST" name="quitDriver" finished-at="2025-08-11T22:05:16 IST" duration-ms="648" status="PASS">
          <reporter-output>
          </reporter-output>
        </test-method> <!-- quitDriver -->
        <test-method is-config="true" signature="tearDownExtent()[pri:0, instance:test.java.tests.SearchUserTests@6a6cb05c]" started-at="2025-08-11T22:05:16 IST" name="tearDownExtent" finished-at="2025-08-11T22:05:17 IST" duration-ms="338" status="PASS">
          <reporter-output>
          </reporter-output>
        </test-method> <!-- tearDownExtent -->
      </class> <!-- test.java.tests.SearchUserTests -->
    </test> <!-- Default test -->
  </suite> <!-- Default suite -->
</testng-results>
